1686384424.199346 client started (11207): version 3.3a, socket /tmp/tmux-1000/default, protocol 8
1686384424.199364 on Linux 6.1.19-gentoo #6 SMP PREEMPT_DYNAMIC Mon May 15 22:08:27 BST 2023
1686384424.199367 using libevent 2.1.12-stable (poll); ncurses 6.3
1686384424.199380 flags are 0x10010000
1686384424.199383 socket is /tmp/tmux-1000/default
1686384424.199391 trying connect
1686384424.199423 add peer 0x5614407b1a00: 6 ((nil))
1686384424.199592 sending message 100 to peer 0x5614407b1a00 (4 bytes)
1686384424.199600 sending message 111 to peer 0x5614407b1a00 (8 bytes)
1686384424.199602 sending message 101 to peer 0x5614407b1a00 (14 bytes)
1686384424.199605 sending message 109 to peer 0x5614407b1a00 (4 bytes)
1686384424.199607 sending message 102 to peer 0x5614407b1a00 (11 bytes)
1686384424.199610 sending message 108 to peer 0x5614407b1a00 (29 bytes)
1686384424.199612 sending message 112 to peer 0x5614407b1a00 (70 bytes)
1686384424.199615 sending message 112 to peer 0x5614407b1a00 (5 bytes)
1686384424.199618 sending message 112 to peer 0x5614407b1a00 (5 bytes)
1686384424.199620 sending message 112 to peer 0x5614407b1a00 (6 bytes)
1686384424.199623 sending message 112 to peer 0x5614407b1a00 (6 bytes)
1686384424.199625 sending message 112 to peer 0x5614407b1a00 (11 bytes)
1686384424.199628 sending message 112 to peer 0x5614407b1a00 (10 bytes)
1686384424.199630 sending message 112 to peer 0x5614407b1a00 (13 bytes)
1686384424.199632 sending message 112 to peer 0x5614407b1a00 (13 bytes)
1686384424.199635 sending message 112 to peer 0x5614407b1a00 (18 bytes)
1686384424.199637 sending message 112 to peer 0x5614407b1a00 (11 bytes)
1686384424.199640 sending message 112 to peer 0x5614407b1a00 (10 bytes)
1686384424.199643 sending message 112 to peer 0x5614407b1a00 (15 bytes)
1686384424.199645 sending message 112 to peer 0x5614407b1a00 (21 bytes)
1686384424.199647 sending message 112 to peer 0x5614407b1a00 (13 bytes)
1686384424.199650 sending message 112 to peer 0x5614407b1a00 (7 bytes)
1686384424.199652 sending message 112 to peer 0x5614407b1a00 (13 bytes)
1686384424.199655 sending message 112 to peer 0x5614407b1a00 (7 bytes)
1686384424.199657 sending message 112 to peer 0x5614407b1a00 (13 bytes)
1686384424.199660 sending message 112 to peer 0x5614407b1a00 (9 bytes)
1686384424.199663 sending message 112 to peer 0x5614407b1a00 (21 bytes)
1686384424.199666 sending message 112 to peer 0x5614407b1a00 (13 bytes)
1686384424.199669 sending message 112 to peer 0x5614407b1a00 (8 bytes)
1686384424.199672 sending message 112 to peer 0x5614407b1a00 (12 bytes)
1686384424.199675 sending message 112 to peer 0x5614407b1a00 (13 bytes)
1686384424.199678 sending message 112 to peer 0x5614407b1a00 (9 bytes)
1686384424.199681 sending message 112 to peer 0x5614407b1a00 (9 bytes)
1686384424.199684 sending message 112 to peer 0x5614407b1a00 (12 bytes)
1686384424.199686 sending message 112 to peer 0x5614407b1a00 (8 bytes)
1686384424.199688 sending message 112 to peer 0x5614407b1a00 (8 bytes)
1686384424.199691 sending message 112 to peer 0x5614407b1a00 (7 bytes)
1686384424.199693 sending message 112 to peer 0x5614407b1a00 (7 bytes)
1686384424.199696 sending message 112 to peer 0x5614407b1a00 (9 bytes)
1686384424.199698 sending message 112 to peer 0x5614407b1a00 (13 bytes)
1686384424.199700 sending message 112 to peer 0x5614407b1a00 (6 bytes)
1686384424.199703 sending message 112 to peer 0x5614407b1a00 (9 bytes)
1686384424.199705 sending message 112 to peer 0x5614407b1a00 (15 bytes)
1686384424.199708 sending message 112 to peer 0x5614407b1a00 (13 bytes)
1686384424.199710 sending message 112 to peer 0x5614407b1a00 (12 bytes)
1686384424.199712 sending message 112 to peer 0x5614407b1a00 (8 bytes)
1686384424.199715 sending message 112 to peer 0x5614407b1a00 (14 bytes)
1686384424.199717 sending message 112 to peer 0x5614407b1a00 (11 bytes)
1686384424.199720 sending message 112 to peer 0x5614407b1a00 (9 bytes)
1686384424.199722 sending message 112 to peer 0x5614407b1a00 (10 bytes)
1686384424.199724 sending message 112 to peer 0x5614407b1a00 (10 bytes)
1686384424.199727 sending message 112 to peer 0x5614407b1a00 (10 bytes)
1686384424.199733 sending message 112 to peer 0x5614407b1a00 (10 bytes)
1686384424.199736 sending message 112 to peer 0x5614407b1a00 (11 bytes)
1686384424.199738 sending message 112 to peer 0x5614407b1a00 (12 bytes)
1686384424.199740 sending message 112 to peer 0x5614407b1a00 (12 bytes)
1686384424.199743 sending message 112 to peer 0x5614407b1a00 (12 bytes)
1686384424.199745 sending message 112 to peer 0x5614407b1a00 (12 bytes)
1686384424.199748 sending message 112 to peer 0x5614407b1a00 (12 bytes)
1686384424.199750 sending message 112 to peer 0x5614407b1a00 (11 bytes)
1686384424.199752 sending message 112 to peer 0x5614407b1a00 (11 bytes)
1686384424.199755 sending message 112 to peer 0x5614407b1a00 (12 bytes)
1686384424.199757 sending message 112 to peer 0x5614407b1a00 (12 bytes)
1686384424.199760 sending message 112 to peer 0x5614407b1a00 (12 bytes)
1686384424.199762 sending message 112 to peer 0x5614407b1a00 (12 bytes)
1686384424.199764 sending message 112 to peer 0x5614407b1a00 (12 bytes)
1686384424.199767 sending message 112 to peer 0x5614407b1a00 (10 bytes)
1686384424.199769 sending message 112 to peer 0x5614407b1a00 (12 bytes)
1686384424.199772 sending message 112 to peer 0x5614407b1a00 (13 bytes)
1686384424.199774 sending message 112 to peer 0x5614407b1a00 (13 bytes)
1686384424.199776 sending message 112 to peer 0x5614407b1a00 (13 bytes)
1686384424.199779 sending message 112 to peer 0x5614407b1a00 (13 bytes)
1686384424.199788 sending message 112 to peer 0x5614407b1a00 (13 bytes)
1686384424.199791 sending message 112 to peer 0x5614407b1a00 (8 bytes)
1686384424.199793 sending message 112 to peer 0x5614407b1a00 (11 bytes)
1686384424.199796 sending message 112 to peer 0x5614407b1a00 (11 bytes)
1686384424.199798 sending message 112 to peer 0x5614407b1a00 (11 bytes)
1686384424.199801 sending message 112 to peer 0x5614407b1a00 (12 bytes)
1686384424.199803 sending message 112 to peer 0x5614407b1a00 (12 bytes)
1686384424.199806 sending message 112 to peer 0x5614407b1a00 (12 bytes)
1686384424.199808 sending message 112 to peer 0x5614407b1a00 (12 bytes)
1686384424.199811 sending message 112 to peer 0x5614407b1a00 (13 bytes)
1686384424.199813 sending message 112 to peer 0x5614407b1a00 (13 bytes)
1686384424.199816 sending message 112 to peer 0x5614407b1a00 (13 bytes)
1686384424.199818 sending message 112 to peer 0x5614407b1a00 (8 bytes)
1686384424.199820 sending message 112 to peer 0x5614407b1a00 (13 bytes)
1686384424.199823 sending message 112 to peer 0x5614407b1a00 (13 bytes)
1686384424.199825 sending message 112 to peer 0x5614407b1a00 (13 bytes)
1686384424.199828 sending message 112 to peer 0x5614407b1a00 (13 bytes)
1686384424.199830 sending message 112 to peer 0x5614407b1a00 (13 bytes)
1686384424.199832 sending message 112 to peer 0x5614407b1a00 (12 bytes)
1686384424.199835 sending message 112 to peer 0x5614407b1a00 (12 bytes)
1686384424.199837 sending message 112 to peer 0x5614407b1a00 (12 bytes)
1686384424.199840 sending message 112 to peer 0x5614407b1a00 (12 bytes)
1686384424.199842 sending message 112 to peer 0x5614407b1a00 (13 bytes)
1686384424.199845 sending message 112 to peer 0x5614407b1a00 (8 bytes)
1686384424.199847 sending message 112 to peer 0x5614407b1a00 (13 bytes)
1686384424.199849 sending message 112 to peer 0x5614407b1a00 (13 bytes)
1686384424.199852 sending message 112 to peer 0x5614407b1a00 (13 bytes)
1686384424.199854 sending message 112 to peer 0x5614407b1a00 (13 bytes)
1686384424.199857 sending message 112 to peer 0x5614407b1a00 (13 bytes)
1686384424.199859 sending message 112 to peer 0x5614407b1a00 (13 bytes)
1686384424.199862 sending message 112 to peer 0x5614407b1a00 (13 bytes)
1686384424.199864 sending message 112 to peer 0x5614407b1a00 (12 bytes)
1686384424.199866 sending message 112 to peer 0x5614407b1a00 (12 bytes)
1686384424.199869 sending message 112 to peer 0x5614407b1a00 (12 bytes)
1686384424.199871 sending message 112 to peer 0x5614407b1a00 (8 bytes)
1686384424.199874 sending message 112 to peer 0x5614407b1a00 (12 bytes)
1686384424.199876 sending message 112 to peer 0x5614407b1a00 (13 bytes)
1686384424.199881 sending message 112 to peer 0x5614407b1a00 (13 bytes)
1686384424.199883 sending message 112 to peer 0x5614407b1a00 (13 bytes)
1686384424.199886 sending message 112 to peer 0x5614407b1a00 (13 bytes)
1686384424.199888 sending message 112 to peer 0x5614407b1a00 (13 bytes)
1686384424.199891 sending message 112 to peer 0x5614407b1a00 (13 bytes)
1686384424.199893 sending message 112 to peer 0x5614407b1a00 (13 bytes)
1686384424.199895 sending message 112 to peer 0x5614407b1a00 (13 bytes)
1686384424.199898 sending message 112 to peer 0x5614407b1a00 (12 bytes)
1686384424.199900 sending message 112 to peer 0x5614407b1a00 (10 bytes)
1686384424.199903 sending message 112 to peer 0x5614407b1a00 (12 bytes)
1686384424.199905 sending message 112 to peer 0x5614407b1a00 (12 bytes)
1686384424.199908 sending message 112 to peer 0x5614407b1a00 (12 bytes)
1686384424.199910 sending message 112 to peer 0x5614407b1a00 (13 bytes)
1686384424.199913 sending message 112 to peer 0x5614407b1a00 (13 bytes)
1686384424.199915 sending message 112 to peer 0x5614407b1a00 (13 bytes)
1686384424.199917 sending message 112 to peer 0x5614407b1a00 (13 bytes)
1686384424.199920 sending message 112 to peer 0x5614407b1a00 (13 bytes)
1686384424.199922 sending message 112 to peer 0x5614407b1a00 (13 bytes)
1686384424.199925 sending message 112 to peer 0x5614407b1a00 (13 bytes)
1686384424.199927 sending message 112 to peer 0x5614407b1a00 (10 bytes)
1686384424.199929 sending message 112 to peer 0x5614407b1a00 (13 bytes)
1686384424.199932 sending message 112 to peer 0x5614407b1a00 (12 bytes)
1686384424.199935 sending message 112 to peer 0x5614407b1a00 (12 bytes)
1686384424.199941 sending message 112 to peer 0x5614407b1a00 (12 bytes)
1686384424.199945 sending message 112 to peer 0x5614407b1a00 (10 bytes)
1686384424.199947 sending message 112 to peer 0x5614407b1a00 (10 bytes)
1686384424.199949 sending message 112 to peer 0x5614407b1a00 (10 bytes)
1686384424.199952 sending message 112 to peer 0x5614407b1a00 (12 bytes)
1686384424.199954 sending message 112 to peer 0x5614407b1a00 (13 bytes)
1686384424.199957 sending message 112 to peer 0x5614407b1a00 (13 bytes)
1686384424.199959 sending message 112 to peer 0x5614407b1a00 (13 bytes)
1686384424.199961 sending message 112 to peer 0x5614407b1a00 (13 bytes)
1686384424.199964 sending message 112 to peer 0x5614407b1a00 (13 bytes)
1686384424.199966 sending message 112 to peer 0x5614407b1a00 (11 bytes)
1686384424.199969 sending message 112 to peer 0x5614407b1a00 (11 bytes)
1686384424.199971 sending message 112 to peer 0x5614407b1a00 (12 bytes)
1686384424.199974 sending message 112 to peer 0x5614407b1a00 (12 bytes)
1686384424.199976 sending message 112 to peer 0x5614407b1a00 (12 bytes)
1686384424.199978 sending message 112 to peer 0x5614407b1a00 (12 bytes)
1686384424.199981 sending message 112 to peer 0x5614407b1a00 (12 bytes)
1686384424.199983 sending message 112 to peer 0x5614407b1a00 (11 bytes)
1686384424.199986 sending message 112 to peer 0x5614407b1a00 (12 bytes)
1686384424.199988 sending message 112 to peer 0x5614407b1a00 (12 bytes)
1686384424.199990 sending message 112 to peer 0x5614407b1a00 (13 bytes)
1686384424.199993 sending message 112 to peer 0x5614407b1a00 (13 bytes)
1686384424.199995 sending message 112 to peer 0x5614407b1a00 (13 bytes)
1686384424.199997 sending message 112 to peer 0x5614407b1a00 (13 bytes)
1686384424.200000 sending message 112 to peer 0x5614407b1a00 (13 bytes)
1686384424.200002 sending message 112 to peer 0x5614407b1a00 (10 bytes)
1686384424.200005 sending message 112 to peer 0x5614407b1a00 (9 bytes)
1686384424.200007 sending message 112 to peer 0x5614407b1a00 (12 bytes)
1686384424.200010 sending message 112 to peer 0x5614407b1a00 (13 bytes)
1686384424.200012 sending message 112 to peer 0x5614407b1a00 (13 bytes)
1686384424.200014 sending message 112 to peer 0x5614407b1a00 (13 bytes)
1686384424.200017 sending message 112 to peer 0x5614407b1a00 (13 bytes)
1686384424.200019 sending message 112 to peer 0x5614407b1a00 (13 bytes)
1686384424.200022 sending message 112 to peer 0x5614407b1a00 (9 bytes)
1686384424.200026 sending message 112 to peer 0x5614407b1a00 (12 bytes)
1686384424.200029 sending message 112 to peer 0x5614407b1a00 (13 bytes)
1686384424.200031 sending message 112 to peer 0x5614407b1a00 (13 bytes)
1686384424.200034 sending message 112 to peer 0x5614407b1a00 (13 bytes)
1686384424.200036 sending message 112 to peer 0x5614407b1a00 (13 bytes)
1686384424.200038 sending message 112 to peer 0x5614407b1a00 (13 bytes)
1686384424.200041 sending message 112 to peer 0x5614407b1a00 (11 bytes)
1686384424.200043 sending message 112 to peer 0x5614407b1a00 (12 bytes)
1686384424.200046 sending message 112 to peer 0x5614407b1a00 (13 bytes)
1686384424.200048 sending message 112 to peer 0x5614407b1a00 (13 bytes)
1686384424.200051 sending message 112 to peer 0x5614407b1a00 (13 bytes)
1686384424.200053 sending message 112 to peer 0x5614407b1a00 (13 bytes)
1686384424.200055 sending message 112 to peer 0x5614407b1a00 (13 bytes)
1686384424.200058 sending message 112 to peer 0x5614407b1a00 (11 bytes)
1686384424.200060 sending message 112 to peer 0x5614407b1a00 (12 bytes)
1686384424.200063 sending message 112 to peer 0x5614407b1a00 (12 bytes)
1686384424.200065 sending message 112 to peer 0x5614407b1a00 (12 bytes)
1686384424.200067 sending message 112 to peer 0x5614407b1a00 (12 bytes)
1686384424.200070 sending message 112 to peer 0x5614407b1a00 (12 bytes)
1686384424.200072 sending message 112 to peer 0x5614407b1a00 (21 bytes)
1686384424.200074 sending message 112 to peer 0x5614407b1a00 (12 bytes)
1686384424.200077 sending message 112 to peer 0x5614407b1a00 (9 bytes)
1686384424.200079 sending message 112 to peer 0x5614407b1a00 (6 bytes)
1686384424.200082 sending message 112 to peer 0x5614407b1a00 (8 bytes)
1686384424.200084 sending message 112 to peer 0x5614407b1a00 (15 bytes)
1686384424.200086 sending message 112 to peer 0x5614407b1a00 (13 bytes)
1686384424.200089 sending message 112 to peer 0x5614407b1a00 (9 bytes)
1686384424.200091 sending message 112 to peer 0x5614407b1a00 (70 bytes)
1686384424.200094 sending message 112 to peer 0x5614407b1a00 (69 bytes)
1686384424.200096 sending message 112 to peer 0x5614407b1a00 (10 bytes)
1686384424.200098 sending message 112 to peer 0x5614407b1a00 (10 bytes)
1686384424.200101 sending message 112 to peer 0x5614407b1a00 (8 bytes)
1686384424.200103 sending message 112 to peer 0x5614407b1a00 (15 bytes)
1686384424.200106 sending message 112 to peer 0x5614407b1a00 (13 bytes)
1686384424.200108 sending message 112 to peer 0x5614407b1a00 (10 bytes)
1686384424.200111 sending message 112 to peer 0x5614407b1a00 (10 bytes)
1686384424.200113 sending message 112 to peer 0x5614407b1a00 (17 bytes)
1686384424.200115 sending message 112 to peer 0x5614407b1a00 (10 bytes)
1686384424.200118 sending message 112 to peer 0x5614407b1a00 (13 bytes)
1686384424.200120 sending message 112 to peer 0x5614407b1a00 (9 bytes)
1686384424.200123 sending message 112 to peer 0x5614407b1a00 (5 bytes)
1686384424.200125 sending message 112 to peer 0x5614407b1a00 (15 bytes)
1686384424.200128 sending message 104 to peer 0x5614407b1a00 (0 bytes)
1686384424.200131 sending message 110 to peer 0x5614407b1a00 (0 bytes)
1686384424.200133 sending message 107 to peer 0x5614407b1a00 (4 bytes)
1686384424.200136 sending message 105 to peer 0x5614407b1a00 (20 bytes)
1686384424.200138 sending message 105 to peer 0x5614407b1a00 (46 bytes)
1686384424.200141 sending message 105 to peer 0x5614407b1a00 (148 bytes)
1686384424.200143 sending message 105 to peer 0x5614407b1a00 (19 bytes)
1686384424.200146 sending message 105 to peer 0x5614407b1a00 (11 bytes)
1686384424.200148 sending message 105 to peer 0x5614407b1a00 (33 bytes)
1686384424.200150 sending message 105 to peer 0x5614407b1a00 (12 bytes)
1686384424.200153 sending message 105 to peer 0x5614407b1a00 (46 bytes)
1686384424.200155 sending message 105 to peer 0x5614407b1a00 (240 bytes)
1686384424.200158 sending message 105 to peer 0x5614407b1a00 (11 bytes)
1686384424.200160 sending message 105 to peer 0x5614407b1a00 (14 bytes)
1686384424.200162 sending message 105 to peer 0x5614407b1a00 (31 bytes)
1686384424.200167 sending message 105 to peer 0x5614407b1a00 (24 bytes)
1686384424.200170 sending message 105 to peer 0x5614407b1a00 (34 bytes)
1686384424.200172 sending message 105 to peer 0x5614407b1a00 (16 bytes)
1686384424.200175 sending message 105 to peer 0x5614407b1a00 (17 bytes)
1686384424.200177 sending message 105 to peer 0x5614407b1a00 (19 bytes)
1686384424.200179 sending message 105 to peer 0x5614407b1a00 (128 bytes)
1686384424.200182 sending message 105 to peer 0x5614407b1a00 (12 bytes)
1686384424.200184 sending message 105 to peer 0x5614407b1a00 (21 bytes)
1686384424.200187 sending message 105 to peer 0x5614407b1a00 (22 bytes)
1686384424.200189 sending message 105 to peer 0x5614407b1a00 (9 bytes)
1686384424.200191 sending message 105 to peer 0x5614407b1a00 (14 bytes)
1686384424.200194 sending message 105 to peer 0x5614407b1a00 (21 bytes)
1686384424.200196 sending message 105 to peer 0x5614407b1a00 (18 bytes)
1686384424.200199 sending message 105 to peer 0x5614407b1a00 (190 bytes)
1686384424.200201 sending message 105 to peer 0x5614407b1a00 (15 bytes)
1686384424.200203 sending message 105 to peer 0x5614407b1a00 (75 bytes)
1686384424.200206 sending message 105 to peer 0x5614407b1a00 (39 bytes)
1686384424.200208 sending message 105 to peer 0x5614407b1a00 (32 bytes)
1686384424.200211 sending message 105 to peer 0x5614407b1a00 (26 bytes)
1686384424.200213 sending message 105 to peer 0x5614407b1a00 (67 bytes)
1686384424.200215 sending message 105 to peer 0x5614407b1a00 (20 bytes)
1686384424.200218 sending message 105 to peer 0x5614407b1a00 (224 bytes)
1686384424.200220 sending message 105 to peer 0x5614407b1a00 (33 bytes)
1686384424.200223 sending message 105 to peer 0x5614407b1a00 (16 bytes)
1686384424.200225 sending message 105 to peer 0x5614407b1a00 (15 bytes)
1686384424.200227 sending message 105 to peer 0x5614407b1a00 (8 bytes)
1686384424.200230 sending message 105 to peer 0x5614407b1a00 (19 bytes)
1686384424.200232 sending message 105 to peer 0x5614407b1a00 (12 bytes)
1686384424.200234 sending message 105 to peer 0x5614407b1a00 (18 bytes)
1686384424.200237 sending message 105 to peer 0x5614407b1a00 (26 bytes)
1686384424.200239 sending message 105 to peer 0x5614407b1a00 (36 bytes)
1686384424.200242 sending message 105 to peer 0x5614407b1a00 (40 bytes)
1686384424.200244 sending message 105 to peer 0x5614407b1a00 (13 bytes)
1686384424.200249 sending message 105 to peer 0x5614407b1a00 (52 bytes)
1686384424.200253 sending message 105 to peer 0x5614407b1a00 (11 bytes)
1686384424.200255 sending message 105 to peer 0x5614407b1a00 (12 bytes)
1686384424.200258 sending message 105 to peer 0x5614407b1a00 (18 bytes)
1686384424.200260 sending message 105 to peer 0x5614407b1a00 (35 bytes)
1686384424.200262 sending message 105 to peer 0x5614407b1a00 (25 bytes)
1686384424.200265 sending message 105 to peer 0x5614407b1a00 (23 bytes)
1686384424.200267 sending message 105 to peer 0x5614407b1a00 (120 bytes)
1686384424.200270 sending message 105 to peer 0x5614407b1a00 (49 bytes)
1686384424.200272 sending message 105 to peer 0x5614407b1a00 (31 bytes)
1686384424.200274 sending message 105 to peer 0x5614407b1a00 (15 bytes)
1686384424.200277 sending message 105 to peer 0x5614407b1a00 (52 bytes)
1686384424.200279 sending message 105 to peer 0x5614407b1a00 (23 bytes)
1686384424.200282 sending message 105 to peer 0x5614407b1a00 (23 bytes)
1686384424.200284 sending message 105 to peer 0x5614407b1a00 (17 bytes)
1686384424.200287 sending message 105 to peer 0x5614407b1a00 (58 bytes)
1686384424.200289 sending message 105 to peer 0x5614407b1a00 (21 bytes)
1686384424.200292 sending message 105 to peer 0x5614407b1a00 (11 bytes)
1686384424.200294 sending message 105 to peer 0x5614407b1a00 (16 bytes)
1686384424.200297 sending message 105 to peer 0x5614407b1a00 (86 bytes)
1686384424.200299 sending message 105 to peer 0x5614407b1a00 (105 bytes)
1686384424.200301 sending message 105 to peer 0x5614407b1a00 (24 bytes)
1686384424.200304 sending message 105 to peer 0x5614407b1a00 (42 bytes)
1686384424.200308 sending message 105 to peer 0x5614407b1a00 (14 bytes)
1686384424.200311 sending message 106 to peer 0x5614407b1a00 (0 bytes)
1686384424.200348 sending message 200 to peer 0x5614407b1a00 (4 bytes)
1686384424.200351 client loop enter
1686384424.200590 peer 0x5614407b1a00 message 303
1686384424.200594 open write file 2 -
1686384424.200603 sending message 305 to peer 0x5614407b1a00 (8 bytes)
1686384424.200612 write check file 2
1686384424.200652 peer 0x5614407b1a00 message 304
1686384424.200655 write 58 to file 2
1686384424.200660 peer 0x5614407b1a00 message 203
1686384424.200662 file 2 58 bytes left
1686384424.200671 write check file 2
1686384424.200673 client loop exit
