1675329112.403104 client started (256491): version 3.1c, socket /tmp/tmux-1000/default, protocol 8
1675329112.403131 on Linux 5.10.0-19-amd64 #1 SMP Debian 5.10.149-2 (2022-10-21); libevent 2.1.12-stable (poll)
1675329112.403146 socket is /tmp/tmux-1000/default
1675329112.403157 trying connect
1675329112.403199 add peer 0x55b564395ca0: 6 ((nil))
1675329112.403260 sending message 100 to peer 0x55b564395ca0 (4 bytes)
1675329112.403266 sending message 101 to peer 0x55b564395ca0 (7 bytes)
1675329112.403271 sending message 102 to peer 0x55b564395ca0 (12 bytes)
1675329112.403275 sending message 108 to peer 0x55b564395ca0 (25 bytes)
1675329112.403280 sending message 104 to peer 0x55b564395ca0 (0 bytes)
1675329112.403285 sending message 107 to peer 0x55b564395ca0 (4 bytes)
1675329112.403291 sending message 105 to peer 0x55b564395ca0 (20 bytes)
1675329112.403296 sending message 105 to peer 0x55b564395ca0 (54 bytes)
1675329112.403300 sending message 105 to peer 0x55b564395ca0 (33 bytes)
1675329112.403304 sending message 105 to peer 0x55b564395ca0 (11 bytes)
1675329112.403309 sending message 105 to peer 0x55b564395ca0 (12 bytes)
1675329112.403313 sending message 105 to peer 0x55b564395ca0 (48 bytes)
1675329112.403317 sending message 105 to peer 0x55b564395ca0 (28 bytes)
1675329112.403321 sending message 105 to peer 0x55b564395ca0 (17 bytes)
1675329112.403325 sending message 105 to peer 0x55b564395ca0 (19 bytes)
1675329112.403329 sending message 105 to peer 0x55b564395ca0 (13 bytes)
1675329112.403333 sending message 105 to peer 0x55b564395ca0 (17 bytes)
1675329112.403337 sending message 105 to peer 0x55b564395ca0 (18 bytes)
1675329112.403341 sending message 105 to peer 0x55b564395ca0 (14 bytes)
1675329112.403345 sending message 105 to peer 0x55b564395ca0 (32 bytes)
1675329112.403349 sending message 105 to peer 0x55b564395ca0 (67 bytes)
1675329112.403353 sending message 105 to peer 0x55b564395ca0 (85 bytes)
1675329112.403357 sending message 105 to peer 0x55b564395ca0 (29 bytes)
1675329112.403361 sending message 105 to peer 0x55b564395ca0 (15 bytes)
1675329112.403365 sending message 105 to peer 0x55b564395ca0 (8 bytes)
1675329112.403369 sending message 105 to peer 0x55b564395ca0 (12 bytes)
1675329112.403374 sending message 105 to peer 0x55b564395ca0 (19 bytes)
1675329112.403378 sending message 105 to peer 0x55b564395ca0 (35 bytes)
1675329112.403382 sending message 105 to peer 0x55b564395ca0 (19 bytes)
1675329112.403386 sending message 105 to peer 0x55b564395ca0 (18 bytes)
1675329112.403398 sending message 105 to peer 0x55b564395ca0 (14 bytes)
1675329112.403402 sending message 105 to peer 0x55b564395ca0 (23 bytes)
1675329112.403406 sending message 105 to peer 0x55b564395ca0 (23 bytes)
1675329112.403411 sending message 105 to peer 0x55b564395ca0 (11 bytes)
1675329112.403415 sending message 105 to peer 0x55b564395ca0 (12 bytes)
1675329112.403419 sending message 105 to peer 0x55b564395ca0 (18 bytes)
1675329112.403423 sending message 105 to peer 0x55b564395ca0 (35 bytes)
1675329112.403428 sending message 105 to peer 0x55b564395ca0 (49 bytes)
1675329112.403432 sending message 105 to peer 0x55b564395ca0 (31 bytes)
1675329112.403436 sending message 105 to peer 0x55b564395ca0 (15 bytes)
1675329112.403440 sending message 105 to peer 0x55b564395ca0 (52 bytes)
1675329112.403445 sending message 105 to peer 0x55b564395ca0 (23 bytes)
1675329112.403449 sending message 105 to peer 0x55b564395ca0 (37 bytes)
1675329112.403453 sending message 105 to peer 0x55b564395ca0 (17 bytes)
1675329112.403458 sending message 105 to peer 0x55b564395ca0 (58 bytes)
1675329112.403462 sending message 105 to peer 0x55b564395ca0 (21 bytes)
1675329112.403466 sending message 105 to peer 0x55b564395ca0 (11 bytes)
1675329112.403471 sending message 105 to peer 0x55b564395ca0 (16 bytes)
1675329112.403475 sending message 105 to peer 0x55b564395ca0 (86 bytes)
1675329112.403479 sending message 105 to peer 0x55b564395ca0 (105 bytes)
1675329112.403484 sending message 105 to peer 0x55b564395ca0 (24 bytes)
1675329112.403488 sending message 105 to peer 0x55b564395ca0 (42 bytes)
1675329112.403492 sending message 106 to peer 0x55b564395ca0 (0 bytes)
1675329112.403506 sending message 200 to peer 0x55b564395ca0 (4 bytes)
1675329112.403510 client loop enter
1675329112.403770 peer 0x55b564395ca0 message 303
1675329112.403777 open write file 2 -
1675329112.403786 sending message 305 to peer 0x55b564395ca0 (8 bytes)
1675329112.403868 peer 0x55b564395ca0 message 304
1675329112.403874 write 58 to file 2
1675329112.403879 peer 0x55b564395ca0 message 203
1675329112.403883 file 2 58 bytes left
1675329112.403896 client loop exit
