1675329655.116374 client started (262716): version 3.1c, socket /tmp/tmux-1000/default, protocol 8
1675329655.116390 on Linux 5.10.0-19-amd64 #1 SMP Debian 5.10.149-2 (2022-10-21); libevent 2.1.12-stable (poll)
1675329655.116398 socket is /tmp/tmux-1000/default
1675329655.116405 trying connect
1675329655.116436 add peer 0x560bf0699ca0: 6 ((nil))
1675329655.116473 sending message 100 to peer 0x560bf0699ca0 (4 bytes)
1675329655.116476 sending message 101 to peer 0x560bf0699ca0 (7 bytes)
1675329655.116479 sending message 102 to peer 0x560bf0699ca0 (12 bytes)
1675329655.116481 sending message 108 to peer 0x560bf0699ca0 (25 bytes)
1675329655.116483 sending message 104 to peer 0x560bf0699ca0 (0 bytes)
1675329655.116486 sending message 107 to peer 0x560bf0699ca0 (4 bytes)
1675329655.116489 sending message 105 to peer 0x560bf0699ca0 (20 bytes)
1675329655.116491 sending message 105 to peer 0x560bf0699ca0 (54 bytes)
1675329655.116494 sending message 105 to peer 0x560bf0699ca0 (33 bytes)
1675329655.116496 sending message 105 to peer 0x560bf0699ca0 (11 bytes)
1675329655.116498 sending message 105 to peer 0x560bf0699ca0 (12 bytes)
1675329655.116500 sending message 105 to peer 0x560bf0699ca0 (48 bytes)
1675329655.116502 sending message 105 to peer 0x560bf0699ca0 (28 bytes)
1675329655.116504 sending message 105 to peer 0x560bf0699ca0 (17 bytes)
1675329655.116506 sending message 105 to peer 0x560bf0699ca0 (19 bytes)
1675329655.116508 sending message 105 to peer 0x560bf0699ca0 (13 bytes)
1675329655.116510 sending message 105 to peer 0x560bf0699ca0 (17 bytes)
1675329655.116512 sending message 105 to peer 0x560bf0699ca0 (18 bytes)
1675329655.116514 sending message 105 to peer 0x560bf0699ca0 (14 bytes)
1675329655.116516 sending message 105 to peer 0x560bf0699ca0 (32 bytes)
1675329655.116519 sending message 105 to peer 0x560bf0699ca0 (67 bytes)
1675329655.116521 sending message 105 to peer 0x560bf0699ca0 (85 bytes)
1675329655.116523 sending message 105 to peer 0x560bf0699ca0 (29 bytes)
1675329655.116525 sending message 105 to peer 0x560bf0699ca0 (15 bytes)
1675329655.116527 sending message 105 to peer 0x560bf0699ca0 (8 bytes)
1675329655.116529 sending message 105 to peer 0x560bf0699ca0 (12 bytes)
1675329655.116531 sending message 105 to peer 0x560bf0699ca0 (19 bytes)
1675329655.116533 sending message 105 to peer 0x560bf0699ca0 (35 bytes)
1675329655.116535 sending message 105 to peer 0x560bf0699ca0 (19 bytes)
1675329655.116537 sending message 105 to peer 0x560bf0699ca0 (18 bytes)
1675329655.116544 sending message 105 to peer 0x560bf0699ca0 (14 bytes)
1675329655.116546 sending message 105 to peer 0x560bf0699ca0 (23 bytes)
1675329655.116548 sending message 105 to peer 0x560bf0699ca0 (23 bytes)
1675329655.116550 sending message 105 to peer 0x560bf0699ca0 (11 bytes)
1675329655.116553 sending message 105 to peer 0x560bf0699ca0 (12 bytes)
1675329655.116555 sending message 105 to peer 0x560bf0699ca0 (18 bytes)
1675329655.116557 sending message 105 to peer 0x560bf0699ca0 (35 bytes)
1675329655.116559 sending message 105 to peer 0x560bf0699ca0 (49 bytes)
1675329655.116562 sending message 105 to peer 0x560bf0699ca0 (31 bytes)
1675329655.116564 sending message 105 to peer 0x560bf0699ca0 (15 bytes)
1675329655.116566 sending message 105 to peer 0x560bf0699ca0 (52 bytes)
1675329655.116568 sending message 105 to peer 0x560bf0699ca0 (23 bytes)
1675329655.116570 sending message 105 to peer 0x560bf0699ca0 (37 bytes)
1675329655.116573 sending message 105 to peer 0x560bf0699ca0 (17 bytes)
1675329655.116575 sending message 105 to peer 0x560bf0699ca0 (58 bytes)
1675329655.116577 sending message 105 to peer 0x560bf0699ca0 (21 bytes)
1675329655.116579 sending message 105 to peer 0x560bf0699ca0 (11 bytes)
1675329655.116581 sending message 105 to peer 0x560bf0699ca0 (16 bytes)
1675329655.116584 sending message 105 to peer 0x560bf0699ca0 (86 bytes)
1675329655.116586 sending message 105 to peer 0x560bf0699ca0 (105 bytes)
1675329655.116588 sending message 105 to peer 0x560bf0699ca0 (24 bytes)
1675329655.116590 sending message 105 to peer 0x560bf0699ca0 (42 bytes)
1675329655.116593 sending message 106 to peer 0x560bf0699ca0 (0 bytes)
1675329655.116598 sending message 200 to peer 0x560bf0699ca0 (4 bytes)
1675329655.116601 client loop enter
1675329655.116829 peer 0x560bf0699ca0 message 303
1675329655.116832 open write file 2 -
1675329655.116837 sending message 305 to peer 0x560bf0699ca0 (8 bytes)
1675329655.116906 peer 0x560bf0699ca0 message 304
1675329655.116909 write 58 to file 2
1675329655.116912 peer 0x560bf0699ca0 message 203
1675329655.116914 file 2 58 bytes left
1675329655.116923 client loop exit
